 INFO  Robot : Program starts.
 INFO  Robot : World Status: Not Yet Placed
 INFO  Robot : User input: k
 INFO  Robot : Program starts.
 INFO  Robot : World Status: Not Yet Placed
 INFO  Robot : User input: k
 INFO  Robot : Program starts.
 INFO  Robot : World Status: Not Yet Placed
 INFO  Robot : User input: k
 WARN  Robot : Invalid Command
 INFO  Robot : World Status: Not Yet Placed
 INFO  Robot : User input: k
 WARN  Robot : Invalid Command
 INFO  Robot : World Status: Not Yet Placed
 INFO  Robot : User input: k
 WARN  Robot : Invalid Command
 INFO  Robot : World Status: Not Yet Placed
 INFO  Robot : User input: asl;dfjk
 WARN  Robot : Invalid Command
 INFO  Robot : World Status: Not Yet Placed
 INFO  Robot : User input: askljsdafjk;a
 WARN  Robot : Invalid Command
 INFO  Robot : World Status: Not Yet Placed
 INFO  Robot : User input: asjhdsfa;j
 WARN  Robot : Invalid Command
 INFO  Robot : World Status: Not Yet Placed
 INFO  Robot : User input: askjldsjkl
 WARN  Robot : Invalid Command
 INFO  Robot : World Status: Not Yet Placed
 INFO  Robot : User input: ask;jlsfdjkl
 WARN  Robot : Invalid Command
 INFO  Robot : World Status: Not Yet Placed
 INFO  Robot : User input: place 1,2,north
 WARN  Robot : Invalid Command
 INFO  Robot : World Status: Not Yet Placed
 INFO  Robot : User input: PLACE 1,2,NORTH
 INFO  Robot : excute PLACE
 INFO  Robot : World Status: 1, 2, NORTH
 INFO  Robot : User input: MOVE
 INFO  Robot : excute MOVE
 INFO  Robot : World Status: 1, 3, NORTH
 INFO  Robot : User input: LEFT
 INFO  Robot : excute LEFT
 INFO  Robot : World Status: 1, 3, WEST
 INFO  Robot : User input: MOVE MOVE
 WARN  Robot : Invalid Command
 INFO  Robot : World Status: 1, 3, WEST
 INFO  Robot : User input: MOVE
 INFO  Robot : excute MOVE
 INFO  Robot : World Status: 0, 3, WEST
 INFO  Robot : User input: MOVE
 INFO  Robot : excute MOVE
 WARN  Robot : Fail to move robot to (x:-1, y:3)
 INFO  Robot : World Status: 0, 3, WEST
 INFO  Robot : User input: MOVE
 INFO  Robot : excute MOVE
 WARN  Robot : Fail to move robot to (x:-1, y:3)
 INFO  Robot : World Status: 0, 3, WEST
 INFO  Robot : User input: RIGHT
 INFO  Robot : excute RIGHT
 INFO  Robot : World Status: 0, 3, NORTH
 INFO  Robot : User input: MOVE
 INFO  Robot : excute MOVE
 INFO  Robot : World Status: 0, 4, NORTH
 INFO  Robot : User input: EXIT
 INFO  Robot : Program ends.

 WARN  Robot : Fail to move robot to (x:0, y:-1)
